<?xml version="1.0" encoding="UTF-8"?>
<robot generator="Robot 3.2.2 (Python 3.10.4 on win32)" generated="20220413 21:54:12.422" rpa="false">
<suite id="s1" name="ERP Test" source="C:\Users\qneil\eclipse-workspace\ERP Test">
<suite id="s1-s1" name="Test Access" source="C:\Users\qneil\eclipse-workspace\ERP Test\Test_Access.robot">
<test id="s1-s1-t1" name="Verify Page Login Response">
<kw name="Open ERP Website" library="ERPTestAccess_Keywords">
<kw name="Open Browser" library="SeleniumLibrary">
<doc>Opens a new browser instance to the optional ``url``.</doc>
<arguments>
<arg>${url}</arg>
<arg>${browser}</arg>
<arg>options=add_argument("--ignore-certificate-errors")</arg>
</arguments>
<msg timestamp="20220413 21:54:13.020" level="INFO">Opening browser 'chrome' to base url 'http://hq2.canadacomputers.com:39090/Home/'.</msg>
<status status="PASS" starttime="20220413 21:54:13.019" endtime="20220413 21:54:27.621"></status>
</kw>
<kw name="Maximize Browser Window" library="SeleniumLibrary">
<doc>Maximizes current browser window.</doc>
<status status="PASS" starttime="20220413 21:54:27.622" endtime="20220413 21:54:27.787"></status>
</kw>
<status status="PASS" starttime="20220413 21:54:13.017" endtime="20220413 21:54:27.788"></status>
</kw>
<kw name="Wait Until Element Is Visible" library="SeleniumLibrary">
<doc>Waits until the element ``locator`` is visible.</doc>
<arguments>
<arg>${txt_pass}</arg>
</arguments>
<status status="PASS" starttime="20220413 21:54:27.789" endtime="20220413 21:54:27.911"></status>
</kw>
<status status="PASS" starttime="20220413 21:54:13.015" endtime="20220413 21:54:27.912" critical="yes"></status>
</test>
<test id="s1-s1-t2" name="Verify user can log in">
<kw name="Login To ERP" library="ERPTestAccess_Keywords">
<kw name="Evaluate" library="BuiltIn">
<doc>Evaluates the given expression in Python and returns the result.</doc>
<arguments>
<arg>random.randint(5, 11)</arg>
<arg>random</arg>
</arguments>
<assign>
<var>${wait2}</var>
</assign>
<msg timestamp="20220413 21:54:27.917" level="INFO">${wait2} = 10</msg>
<status status="PASS" starttime="20220413 21:54:27.916" endtime="20220413 21:54:27.918"></status>
</kw>
<kw name="Wait Until Element Is Visible" library="SeleniumLibrary">
<doc>Waits until the element ``locator`` is visible.</doc>
<arguments>
<arg>${txt_uname}</arg>
</arguments>
<status status="PASS" starttime="20220413 21:54:27.919" endtime="20220413 21:54:27.992"></status>
</kw>
<kw name="Input Text" library="SeleniumLibrary">
<doc>Types the given ``text`` into the text field identified by ``locator``.</doc>
<arguments>
<arg>${txt_uname}</arg>
<arg>${login_email}</arg>
</arguments>
<msg timestamp="20220413 21:54:27.993" level="INFO">Typing text 'Neil.Quina' into text field '//*[@id="txtUsername"]'.</msg>
<status status="PASS" starttime="20220413 21:54:27.993" endtime="20220413 21:54:28.180"></status>
</kw>
<kw name="Input Password" library="SeleniumLibrary">
<doc>Types the given password into the text field identified by ``locator``.</doc>
<arguments>
<arg>${txt_pass}</arg>
<arg>${login_pw}</arg>
</arguments>
<msg timestamp="20220413 21:54:28.183" level="INFO">Typing password into text field 'id=txtPassword'.</msg>
<msg timestamp="20220413 21:54:28.261" level="INFO">Temporally setting log level to: NONE</msg>
<msg timestamp="20220413 21:54:28.424" level="INFO">Log level changed from NONE to INFO.</msg>
<status status="PASS" starttime="20220413 21:54:28.181" endtime="20220413 21:54:28.425"></status>
</kw>
<kw name="Get Time" library="BuiltIn">
<doc>Returns the given time in the requested format.</doc>
<arguments>
<arg>${url}</arg>
</arguments>
<status status="PASS" starttime="20220413 21:54:28.426" endtime="20220413 21:54:28.427"></status>
</kw>
<kw name="Click Element" library="SeleniumLibrary">
<doc>Click the element identified by ``locator``.</doc>
<arguments>
<arg>${btn_login}</arg>
</arguments>
<msg timestamp="20220413 21:54:28.429" level="INFO">Clicking element 'id=btnLogin'.</msg>
<status status="PASS" starttime="20220413 21:54:28.428" endtime="20220413 21:54:28.540"></status>
</kw>
<kw name="Wait Until Element Is Visible" library="SeleniumLibrary">
<doc>Waits until the element ``locator`` is visible.</doc>
<arguments>
<arg>${suc_log}</arg>
</arguments>
<status status="PASS" starttime="20220413 21:54:28.541" endtime="20220413 21:54:37.848"></status>
</kw>
<status status="PASS" starttime="20220413 21:54:27.915" endtime="20220413 21:54:37.848"></status>
</kw>
<kw name="Close Browser" library="SeleniumLibrary">
<doc>Closes the current browser.</doc>
<status status="PASS" starttime="20220413 21:54:37.849" endtime="20220413 21:54:40.659"></status>
</kw>
<status status="PASS" starttime="20220413 21:54:27.913" endtime="20220413 21:54:40.660" critical="yes"></status>
</test>
<status status="PASS" starttime="20220413 21:54:12.573" endtime="20220413 21:54:40.662"></status>
</suite>
<status status="PASS" starttime="20220413 21:54:12.518" endtime="20220413 21:54:40.667"></status>
</suite>
<statistics>
<total>
<stat pass="2" fail="0">Critical Tests</stat>
<stat pass="2" fail="0">All Tests</stat>
</total>
<tag>
</tag>
<suite>
<stat pass="2" fail="0" id="s1" name="ERP Test">ERP Test</stat>
<stat pass="2" fail="0" id="s1-s1" name="Test Access">ERP Test.Test Access</stat>
</suite>
</statistics>
<errors>
</errors>
</robot>
