<?xml version="1.0" encoding="UTF-8"?>
<robot generator="Robot 3.2.2 (Python 3.10.4 on win32)" generated="20220412 00:04:40.771" rpa="false">
<suite id="s1" name="ERP Test" source="C:\Users\qneil\eclipse-workspace\ERP Test">
<suite id="s1-s1" name="Test Access" source="C:\Users\qneil\eclipse-workspace\ERP Test\Test_Access.robot">
<test id="s1-s1-t1" name="Verify user can log in">
<kw name="Open ERP Website" library="ERPTestAccess_Keywords" type="setup">
<kw name="Open Browser" library="SeleniumLibrary">
<doc>Opens a new browser instance to the optional ``url``.</doc>
<arguments>
<arg>${url}</arg>
<arg>${browser}</arg>
<arg>options=add_argument("--ignore-certificate-errors")</arg>
</arguments>
<msg timestamp="20220412 00:04:41.442" level="INFO">Opening browser 'chrome' to base url 'http://hq2.canadacomputers.com:39090/Home/'.</msg>
<status status="PASS" starttime="20220412 00:04:41.441" endtime="20220412 00:04:56.374"></status>
</kw>
<kw name="Maximize Browser Window" library="SeleniumLibrary">
<doc>Maximizes current browser window.</doc>
<status status="PASS" starttime="20220412 00:04:56.375" endtime="20220412 00:04:56.549"></status>
</kw>
<status status="PASS" starttime="20220412 00:04:41.439" endtime="20220412 00:04:56.550"></status>
</kw>
<kw name="Login To ERP" library="ERPTestAccess_Keywords">
<kw name="Evaluate" library="BuiltIn">
<doc>Evaluates the given expression in Python and returns the result.</doc>
<arguments>
<arg>random.randint(5, 11)</arg>
<arg>random</arg>
</arguments>
<assign>
<var>${wait2}</var>
</assign>
<msg timestamp="20220412 00:04:56.554" level="INFO">${wait2} = 5</msg>
<status status="PASS" starttime="20220412 00:04:56.552" endtime="20220412 00:04:56.554"></status>
</kw>
<kw name="Wait Until Element Is Visible" library="SeleniumLibrary">
<doc>Waits until the element ``locator`` is visible.</doc>
<arguments>
<arg>${txt_uname}</arg>
</arguments>
<status status="PASS" starttime="20220412 00:04:56.555" endtime="20220412 00:04:56.666"></status>
</kw>
<kw name="Input Text" library="SeleniumLibrary">
<doc>Types the given ``text`` into the text field identified by ``locator``.</doc>
<arguments>
<arg>${txt_uname}</arg>
<arg>${login_email}</arg>
</arguments>
<msg timestamp="20220412 00:04:56.669" level="INFO">Typing text 'Neil.Quina' into text field '//*[@id="txtUsername"]'.</msg>
<status status="PASS" starttime="20220412 00:04:56.667" endtime="20220412 00:04:56.964"></status>
</kw>
<kw name="Input Password" library="SeleniumLibrary">
<doc>Types the given password into the text field identified by ``locator``.</doc>
<arguments>
<arg>${txt_pass}</arg>
<arg>${login_pw}</arg>
</arguments>
<msg timestamp="20220412 00:04:56.966" level="INFO">Typing password into text field 'id=txtPassword'.</msg>
<msg timestamp="20220412 00:04:57.078" level="INFO">Temporally setting log level to: NONE</msg>
<msg timestamp="20220412 00:04:57.268" level="INFO">Log level changed from NONE to INFO.</msg>
<status status="PASS" starttime="20220412 00:04:56.965" endtime="20220412 00:04:57.269"></status>
</kw>
<kw name="Get Time" library="BuiltIn">
<doc>Returns the given time in the requested format.</doc>
<arguments>
<arg>${url}</arg>
</arguments>
<status status="PASS" starttime="20220412 00:04:57.269" endtime="20220412 00:04:57.270"></status>
</kw>
<kw name="Click Element" library="SeleniumLibrary">
<doc>Click the element identified by ``locator``.</doc>
<arguments>
<arg>${btn_login}</arg>
</arguments>
<msg timestamp="20220412 00:04:57.272" level="INFO">Clicking element 'id=btnLogin'.</msg>
<status status="PASS" starttime="20220412 00:04:57.271" endtime="20220412 00:04:57.413"></status>
</kw>
<status status="PASS" starttime="20220412 00:04:56.551" endtime="20220412 00:04:57.414"></status>
</kw>
<kw name="Page" library="ERPTestAccess_Keywords">
<kw name="Wait Until Element Is Visible" library="SeleniumLibrary">
<doc>Waits until the element ``locator`` is visible.</doc>
<arguments>
<arg>${suc_log}</arg>
</arguments>
<status status="PASS" starttime="20220412 00:04:57.417" endtime="20220412 00:05:06.228"></status>
</kw>
<kw name="Get Time" library="BuiltIn">
<doc>Returns the given time in the requested format.</doc>
<arguments>
<arg>Page</arg>
</arguments>
<status status="PASS" starttime="20220412 00:05:06.229" endtime="20220412 00:05:06.232"></status>
</kw>
<status status="PASS" starttime="20220412 00:04:57.416" endtime="20220412 00:05:06.233"></status>
</kw>
<kw name="Close Browser" library="SeleniumLibrary" type="teardown">
<doc>Closes the current browser.</doc>
<status status="PASS" starttime="20220412 00:05:06.234" endtime="20220412 00:05:09.304"></status>
</kw>
<tags>
<tag>Test</tag>
</tags>
<status status="PASS" starttime="20220412 00:04:41.437" endtime="20220412 00:05:09.304" critical="yes"></status>
</test>
<status status="PASS" starttime="20220412 00:04:40.934" endtime="20220412 00:05:09.307"></status>
</suite>
<status status="PASS" starttime="20220412 00:04:40.877" endtime="20220412 00:05:09.313"></status>
</suite>
<statistics>
<total>
<stat pass="1" fail="0">Critical Tests</stat>
<stat pass="1" fail="0">All Tests</stat>
</total>
<tag>
<stat pass="1" fail="0">Test</stat>
</tag>
<suite>
<stat pass="1" fail="0" id="s1" name="ERP Test">ERP Test</stat>
<stat pass="1" fail="0" id="s1-s1" name="Test Access">ERP Test.Test Access</stat>
</suite>
</statistics>
<errors>
</errors>
</robot>
